<?xml version="1.0" ?>
<coverage version="7.2.3" timestamp="1684126480525" lines-valid="177" lines-covered="127" line-rate="0.7175" branches-valid="58" branches-covered="27" branch-rate="0.4655" complexity="0">
	<!-- Generated by coverage.py: https://coverage.readthedocs.io/en/7.2.3 -->
	<!-- Based on https://raw.githubusercontent.com/cobertura/web/master/htdocs/xml/coverage-04.dtd -->
	<sources>
		<source>/home/ankit/workspace/database-factory/database_factory</source>
	</sources>
	<packages>
		<package name="." line-rate="0.716" branch-rate="0.4038" complexity="0">
			<classes>
				<class name="__init__.py" filename="__init__.py" complexity="0" line-rate="1" branch-rate="1">
					<methods/>
					<lines/>
				</class>
				<class name="manager.py" filename="manager.py" complexity="0" line-rate="0.686" branch-rate="0.275">
					<methods/>
					<lines>
						<line number="3" hits="1"/>
						<line number="9" hits="1"/>
						<line number="10" hits="1"/>
						<line number="11" hits="1"/>
						<line number="12" hits="1"/>
						<line number="13" hits="1"/>
						<line number="14" hits="1"/>
						<line number="15" hits="1"/>
						<line number="16" hits="1"/>
						<line number="17" hits="1"/>
						<line number="18" hits="1"/>
						<line number="20" hits="1"/>
						<line number="21" hits="1"/>
						<line number="23" hits="1"/>
						<line number="25" hits="1"/>
						<line number="27" hits="1"/>
						<line number="30" hits="1"/>
						<line number="138" hits="1"/>
						<line number="139" hits="1"/>
						<line number="141" hits="1" branch="true" condition-coverage="100% (2/2)"/>
						<line number="143" hits="1"/>
						<line number="144" hits="1" branch="true" condition-coverage="50% (1/2)" missing-branches="145"/>
						<line number="145" hits="0"/>
						<line number="147" hits="1"/>
						<line number="149" hits="1"/>
						<line number="150" hits="1"/>
						<line number="151" hits="1"/>
						<line number="152" hits="1"/>
						<line number="153" hits="1"/>
						<line number="154" hits="1"/>
						<line number="155" hits="1"/>
						<line number="156" hits="1"/>
						<line number="157" hits="1"/>
						<line number="158" hits="1"/>
						<line number="160" hits="1"/>
						<line number="161" hits="1"/>
						<line number="162" hits="1"/>
						<line number="163" hits="1"/>
						<line number="165" hits="1"/>
						<line number="176" hits="1"/>
						<line number="189" hits="1"/>
						<line number="192" hits="1"/>
						<line number="194" hits="1"/>
						<line number="211" hits="1"/>
						<line number="213" hits="1" branch="true" condition-coverage="100% (2/2)"/>
						<line number="214" hits="1"/>
						<line number="215" hits="1"/>
						<line number="216" hits="1"/>
						<line number="219" hits="1"/>
						<line number="221" hits="1" branch="true" condition-coverage="50% (1/2)" missing-branches="223"/>
						<line number="223" hits="0"/>
						<line number="225" hits="0" branch="true" condition-coverage="0% (0/2)" missing-branches="226,227"/>
						<line number="226" hits="0"/>
						<line number="227" hits="0" branch="true" condition-coverage="0% (0/2)" missing-branches="228,229"/>
						<line number="228" hits="0"/>
						<line number="229" hits="0" branch="true" condition-coverage="0% (0/2)" missing-branches="230,231"/>
						<line number="230" hits="0"/>
						<line number="231" hits="0" branch="true" condition-coverage="0% (0/2)" missing-branches="232,233"/>
						<line number="232" hits="0"/>
						<line number="233" hits="0" branch="true" condition-coverage="0% (0/2)" missing-branches="234,235"/>
						<line number="234" hits="0"/>
						<line number="235" hits="0" branch="true" condition-coverage="0% (0/2)" missing-branches="236,237"/>
						<line number="236" hits="0"/>
						<line number="237" hits="0" branch="true" condition-coverage="0% (0/2)" missing-branches="238,239"/>
						<line number="238" hits="0"/>
						<line number="239" hits="0" branch="true" condition-coverage="0% (0/2)" missing-branches="240,242"/>
						<line number="240" hits="0"/>
						<line number="242" hits="1" branch="true" condition-coverage="100% (2/2)"/>
						<line number="243" hits="1"/>
						<line number="244" hits="1"/>
						<line number="245" hits="1"/>
						<line number="247" hits="1"/>
						<line number="250" hits="1" branch="true" condition-coverage="50% (1/2)" missing-branches="253"/>
						<line number="251" hits="1"/>
						<line number="253" hits="0" branch="true" condition-coverage="0% (0/2)" missing-branches="254,257"/>
						<line number="254" hits="0"/>
						<line number="255" hits="0"/>
						<line number="256" hits="0"/>
						<line number="257" hits="0" branch="true" condition-coverage="0% (0/2)" missing-branches="258,259"/>
						<line number="258" hits="0"/>
						<line number="259" hits="0" branch="true" condition-coverage="0% (0/2)" missing-branches="260,270"/>
						<line number="260" hits="0"/>
						<line number="261" hits="0"/>
						<line number="270" hits="0"/>
						<line number="272" hits="0"/>
						<line number="275" hits="0"/>
						<line number="276" hits="0"/>
						<line number="278" hits="0"/>
						<line number="279" hits="0" branch="true" condition-coverage="0% (0/2)" missing-branches="280,282"/>
						<line number="280" hits="0"/>
						<line number="282" hits="1"/>
						<line number="284" hits="1"/>
						<line number="291" hits="1"/>
						<line number="292" hits="1"/>
						<line number="293" hits="1"/>
						<line number="294" hits="1" branch="true" condition-coverage="50% (1/2)" missing-branches="295"/>
						<line number="295" hits="0"/>
						<line number="298" hits="1"/>
						<line number="300" hits="1" branch="true" condition-coverage="50% (1/2)" missing-branches="302"/>
						<line number="302" hits="0"/>
						<line number="304" hits="1"/>
						<line number="305" hits="1"/>
						<line number="306" hits="1"/>
						<line number="307" hits="1"/>
						<line number="309" hits="0"/>
						<line number="312" hits="0"/>
						<line number="314" hits="1"/>
						<line number="334" hits="1"/>
						<line number="336" hits="1"/>
						<line number="337" hits="1"/>
						<line number="338" hits="1"/>
						<line number="340" hits="1"/>
						<line number="373" hits="1"/>
						<line number="375" hits="1"/>
						<line number="376" hits="1"/>
						<line number="380" hits="1"/>
						<line number="382" hits="1"/>
						<line number="409" hits="1"/>
						<line number="411" hits="1"/>
						<line number="412" hits="1"/>
						<line number="415" hits="1"/>
					</lines>
				</class>
				<class name="operations.py" filename="operations.py" complexity="0" line-rate="0.8049" branch-rate="0.8333">
					<methods/>
					<lines>
						<line number="3" hits="1"/>
						<line number="8" hits="1"/>
						<line number="9" hits="1"/>
						<line number="10" hits="1"/>
						<line number="11" hits="1"/>
						<line number="12" hits="1"/>
						<line number="14" hits="1"/>
						<line number="17" hits="1"/>
						<line number="33" hits="1"/>
						<line number="44" hits="1"/>
						<line number="45" hits="1"/>
						<line number="48" hits="1"/>
						<line number="96" hits="1"/>
						<line number="97" hits="1"/>
						<line number="98" hits="1" branch="true" condition-coverage="100% (2/2)"/>
						<line number="99" hits="1" branch="true" condition-coverage="50% (1/2)" missing-branches="113"/>
						<line number="100" hits="1"/>
						<line number="102" hits="1"/>
						<line number="104" hits="1"/>
						<line number="106" hits="1"/>
						<line number="111" hits="1"/>
						<line number="113" hits="0"/>
						<line number="114" hits="0"/>
						<line number="115" hits="0"/>
						<line number="116" hits="1" branch="true" condition-coverage="50% (1/2)" missing-branches="130"/>
						<line number="117" hits="1"/>
						<line number="118" hits="1" branch="true" condition-coverage="100% (2/2)"/>
						<line number="119" hits="1"/>
						<line number="123" hits="1"/>
						<line number="125" hits="1" branch="true" condition-coverage="100% (2/2)"/>
						<line number="126" hits="1"/>
						<line number="128" hits="1"/>
						<line number="130" hits="0"/>
						<line number="131" hits="0"/>
						<line number="132" hits="0"/>
						<line number="133" hits="1"/>
						<line number="134" hits="1"/>
						<line number="135" hits="0"/>
						<line number="138" hits="0"/>
						<line number="140" hits="1" branch="true" condition-coverage="100% (2/2)"/>
						<line number="141" hits="1"/>
					</lines>
				</class>
			</classes>
		</package>
		<package name="common" line-rate="0.7333" branch-rate="1" complexity="0">
			<classes>
				<class name="__init__.py" filename="common/__init__.py" complexity="0" line-rate="1" branch-rate="1">
					<methods/>
					<lines/>
				</class>
				<class name="common.py" filename="common/common.py" complexity="0" line-rate="0.7333" branch-rate="1">
					<methods/>
					<lines>
						<line number="3" hits="1"/>
						<line number="7" hits="1"/>
						<line number="9" hits="1"/>
						<line number="12" hits="1"/>
						<line number="26" hits="1"/>
						<line number="63" hits="0"/>
						<line number="77" hits="0"/>
						<line number="78" hits="0"/>
						<line number="79" hits="0"/>
						<line number="81" hits="1"/>
						<line number="82" hits="1"/>
						<line number="105" hits="1" branch="true" condition-coverage="100% (2/2)"/>
						<line number="106" hits="1" branch="true" condition-coverage="100% (2/2)"/>
						<line number="109" hits="1" branch="true" condition-coverage="100% (2/2)"/>
						<line number="111" hits="1"/>
					</lines>
				</class>
			</classes>
		</package>
	</packages>
</coverage>
